2025-05-01 05:59:07,052 - INFO - Use pytorch device_name: cpu
2025-05-01 05:59:07,052 - INFO - Load pretrained SentenceTransformer: sentence-transformers/all-MiniLM-L6-v2
2025-05-01 05:59:11,731 - INFO - Anonymized telemetry enabled. See                     https://docs.trychroma.com/telemetry for more information.
2025-05-01 06:03:09,965 - INFO - Use pytorch device_name: cpu
2025-05-01 06:03:09,966 - INFO - Load pretrained SentenceTransformer: sentence-transformers/all-MiniLM-L6-v2
2025-05-01 06:03:12,882 - INFO - Anonymized telemetry enabled. See                     https://docs.trychroma.com/telemetry for more information.
2025-05-01 06:07:49,395 - INFO - Use pytorch device_name: cpu
2025-05-01 06:07:49,395 - INFO - Load pretrained SentenceTransformer: sentence-transformers/all-MiniLM-L6-v2
2025-05-01 06:07:52,729 - INFO - Anonymized telemetry enabled. See                     https://docs.trychroma.com/telemetry for more information.
2025-05-01 06:09:36,158 - INFO - Use pytorch device_name: cpu
2025-05-01 06:09:36,158 - INFO - Load pretrained SentenceTransformer: sentence-transformers/all-MiniLM-L6-v2
2025-05-01 06:09:39,313 - INFO - Anonymized telemetry enabled. See                     https://docs.trychroma.com/telemetry for more information.
2025-05-01 06:10:23,676 - INFO - {"timestamp": "2025-05-01T06:10:23.676372", "user": "mgr456", "user_name": "Department Manager", "department": "IT", "resource": {"type": "knowledge_query", "id": "what is personal injury?"}, "access_type": "read", "successful": true, "details": {"sources": ["data\\module-1-personal-injury.md", "data\\module-1-personal-injury.md", "data\\module-1-personal-injury.md", "data\\module-2-case-management.md", "data\\module-2-case-management.md"]}}
2025-05-01 06:11:16,459 - INFO - {"timestamp": "2025-05-01T06:11:16.459339", "user": "mgr456", "user_name": "Department Manager", "department": "IT", "resource": {"type": "knowledge_query", "id": "make it short"}, "access_type": "read", "successful": true, "details": {"sources": ["data\\module-1-personal-injury.md", "data\\module-3-intake-initial-actions.md", "data\\module-1-personal-injury.md", "data\\module-9-ardent-company-history.md", "data\\module-9-ardent-company-history.md"]}}
2025-05-01 06:13:32,505 - INFO - {"timestamp": "2025-05-01T06:13:32.505765", "user": "mgr456", "user_name": "Department Manager", "department": "IT", "resource": {"type": "knowledge_query", "id": "what is ardent paralegal ?"}, "access_type": "read", "successful": true, "details": {"sources": ["data\\module-9-ardent-company-history.md", "data\\module-9-ardent-company-history.md", "data\\module-9-ardent-company-history.md", "data\\module-9-ardent-company-history.md", "data\\module-9-ardent-company-history.md"]}}
2025-05-01 06:14:21,776 - INFO - {"timestamp": "2025-05-01T06:14:21.776390", "user": "mgr456", "user_name": "Department Manager", "department": "IT", "resource": {"type": "knowledge_query", "id": "who build ardent ?"}, "access_type": "read", "successful": true, "details": {"sources": ["data\\module-9-ardent-company-history.md", "data\\module-9-ardent-company-history.md", "data\\module-9-ardent-company-history.md", "data\\module-9-ardent-company-history.md", "data\\module-9-ardent-company-history.md"]}}
2025-05-01 06:14:57,381 - INFO - {"timestamp": "2025-05-01T06:14:57.381916", "user": "mgr456", "user_name": "Department Manager", "department": "IT", "resource": {"type": "knowledge_query", "id": "who is the founder of ardent ?"}, "access_type": "read", "successful": true, "details": {"sources": ["data\\module-9-ardent-company-history.md", "data\\module-9-ardent-company-history.md", "data\\module-9-ardent-company-history.md", "data\\module-9-ardent-company-history.md", "data\\module-9-ardent-company-history.md"]}}
2025-05-01 06:15:53,996 - INFO - {"timestamp": "2025-05-01T06:15:53.996183", "user": "mgr456", "user_name": "Department Manager", "department": "IT", "resource": {"type": "knowledge_query", "id": "summary from my first question"}, "access_type": "read", "successful": true, "details": {"sources": ["data\\module-3-intake-initial-actions.md", "data\\module-9-ardent-company-history.md", "data\\module-9-ardent-company-history.md", "data\\module-3-intake-initial-actions.md", "data\\module-2-case-management.md"]}}
2025-05-01 06:17:19,628 - INFO - {"timestamp": "2025-05-01T06:17:19.628812", "user": "mgr456", "user_name": "Department Manager", "department": "IT", "resource": {"type": "knowledge_query", "id": "waht is bitlocker ?"}, "access_type": "read", "successful": true, "details": {"sources": ["data\\module-8-it-troubleshooting-guide.md", "data\\module-3-intake-initial-actions.md", "data\\module-3-intake-initial-actions.md", "data\\module-4-next-actions.md", "data\\module-3-intake-initial-actions.md"]}}
2025-05-01 06:18:23,507 - INFO - {"timestamp": "2025-05-01T06:18:23.507486", "user": "mgr456", "user_name": "Department Manager", "department": "IT", "resource": {"type": "knowledge_query", "id": "how to unlock drive ?"}, "access_type": "read", "successful": true, "details": {"sources": ["data\\module-8-it-troubleshooting-guide.md", "data\\module-8-it-troubleshooting-guide.md", "data\\module-2-case-management.md", "data\\module-4-next-actions.md", "data\\module-3-intake-initial-actions.md"]}}
2025-05-01 06:19:08,773 - INFO - {"timestamp": "2025-05-01T06:19:08.773085", "user": "mgr456", "user_name": "Department Manager", "department": "IT", "resource": {"type": "knowledge_query", "id": "can you suggest me questions you can answer"}, "access_type": "read", "successful": true, "details": {"sources": ["data\\module-8-it-troubleshooting-guide.md", "data\\module-9-ardent-company-history.md", "data\\module-9-ardent-company-history.md", "data\\module-8-it-troubleshooting-guide.md", "data\\module-9-ardent-company-history.md"]}}
2025-05-01 06:20:06,239 - INFO - {"timestamp": "2025-05-01T06:20:06.239553", "user": "mgr456", "user_name": "Department Manager", "department": "IT", "resource": {"type": "knowledge_query", "id": "my dropbox files is not syncing "}, "access_type": "read", "successful": true, "details": {"sources": ["data\\module-8-it-troubleshooting-guide.md", "data\\module-8-it-troubleshooting-guide.md", "data\\module-8-it-troubleshooting-guide.md", "data\\module-8-it-troubleshooting-guide.md", "data\\module-3-intake-initial-actions.md"]}}
2025-05-01 06:20:28,499 - INFO - {"timestamp": "2025-05-01T06:20:28.499947", "user": "mgr456", "user_name": "Department Manager", "department": "IT", "resource": {"type": "knowledge_query", "id": ""}, "access_type": "read", "successful": true, "details": {"sources": ["data\\module-1-personal-injury.md", "data\\module-9-ardent-company-history.md", "data\\module-9-ardent-company-history.md", "data\\module-9-ardent-company-history.md", "data\\module-9-ardent-company-history.md"]}}
2025-05-01 06:20:59,305 - INFO - Use pytorch device_name: cpu
2025-05-01 06:20:59,305 - INFO - Load pretrained SentenceTransformer: sentence-transformers/all-MiniLM-L6-v2
2025-05-01 06:21:02,743 - INFO - Anonymized telemetry enabled. See                     https://docs.trychroma.com/telemetry for more information.
2025-05-01 06:21:44,991 - INFO - {"timestamp": "2025-05-01T06:21:44.991488", "user": "mgr456", "user_name": "Department Manager", "department": "IT", "resource": {"type": "knowledge_query", "id": "who build ardent and what is ardent ?"}, "access_type": "read", "successful": true, "details": {"sources": ["data\\module-9-ardent-company-history.md", "data\\module-9-ardent-company-history.md", "data\\module-9-ardent-company-history.md", "data\\module-9-ardent-company-history.md", "data\\module-9-ardent-company-history.md"]}}
2025-05-01 06:22:19,743 - INFO - {"timestamp": "2025-05-01T06:22:19.743057", "user": "mgr456", "user_name": "Department Manager", "department": "IT", "resource": {"type": "knowledge_query", "id": "who is Iran Salvado ?"}, "access_type": "read", "successful": true, "details": {"sources": ["data\\module-9-ardent-company-history.md", "data\\module-9-ardent-company-history.md", "data\\module-9-ardent-company-history.md", "data\\module-9-ardent-company-history.md", "data\\module-9-ardent-company-history.md"]}}
2025-05-01 06:23:09,847 - INFO - {"timestamp": "2025-05-01T06:23:09.847066", "user": "mgr456", "user_name": "Department Manager", "department": "IT", "resource": {"type": "knowledge_query", "id": "Iran Salvado is now the  Vice President of the company "}, "access_type": "read", "successful": true, "details": {"sources": ["data\\module-9-ardent-company-history.md", "data\\module-9-ardent-company-history.md", "data\\module-9-ardent-company-history.md", "data\\module-1-personal-injury.md", "data\\module-9-ardent-company-history.md"]}}
2025-05-01 06:23:31,919 - INFO - {"timestamp": "2025-05-01T06:23:31.918965", "user": "mgr456", "user_name": "Department Manager", "department": "IT", "resource": {"type": "knowledge_query", "id": "who is Iran salvado ?"}, "access_type": "read", "successful": true, "details": {"sources": ["data\\module-9-ardent-company-history.md", "data\\module-9-ardent-company-history.md", "data\\module-9-ardent-company-history.md", "data\\module-9-ardent-company-history.md", "data\\module-9-ardent-company-history.md"]}}
2025-05-01 06:24:57,240 - INFO - {"timestamp": "2025-05-01T06:24:57.240488", "user": "mgr456", "user_name": "Department Manager", "department": "IT", "resource": {"type": "knowledge_query", "id": "give me the summary of all my questions"}, "access_type": "read", "successful": true, "details": {"sources": ["data\\module-8-it-troubleshooting-guide.md", "data\\module-8-it-troubleshooting-guide.md", "data\\module-3-intake-initial-actions.md", "data\\module-2-case-management.md", "data\\module-1-personal-injury.md"]}}
2025-05-01 06:26:00,629 - INFO - Use pytorch device_name: cpu
2025-05-01 06:26:00,629 - INFO - Load pretrained SentenceTransformer: sentence-transformers/all-MiniLM-L6-v2
2025-05-01 06:26:03,794 - INFO - Anonymized telemetry enabled. See                     https://docs.trychroma.com/telemetry for more information.
2025-05-01 06:27:36,635 - INFO - Use pytorch device_name: cpu
2025-05-01 06:27:36,635 - INFO - Load pretrained SentenceTransformer: sentence-transformers/all-MiniLM-L6-v2
2025-05-01 06:27:39,618 - INFO - Anonymized telemetry enabled. See                     https://docs.trychroma.com/telemetry for more information.
2025-05-01 06:28:26,467 - INFO - Use pytorch device_name: cpu
2025-05-01 06:28:26,467 - INFO - Load pretrained SentenceTransformer: sentence-transformers/all-MiniLM-L6-v2
2025-05-01 06:28:30,488 - INFO - Anonymized telemetry enabled. See                     https://docs.trychroma.com/telemetry for more information.
2025-05-01 06:29:21,373 - INFO - {"timestamp": "2025-05-01T06:29:21.373879", "user": "mgr456", "user_name": "Department Manager", "department": "IT", "resource": {"type": "knowledge_query", "id": "who built ardent"}, "access_type": "read", "successful": true, "details": {"sources": ["data\\module-9-ardent-company-history.md", "data\\module-9-ardent-company-history.md", "data\\module-9-ardent-company-history.md", "data\\module-9-ardent-company-history.md", "data\\module-9-ardent-company-history.md"]}}
